#
# A fatal error has been detected by the Java Runtime Environment:
#
#  EXCEPTION_ACCESS_VIOLATION (0xc0000005) at pc=0x5b9fff52, pid=4172, tid=5744
#
# JRE version: 6.0_18-b07
# Java VM: Java HotSpot(TM) Client VM (16.0-b13 mixed mode, sharing windows-x86 )
# Problematic frame:
# C  [nvd3dum.dll+0x2fff52]
#
# If you would like to submit a bug report, please visit:
#   http://java.sun.com/webapps/bugreport/crash.jsp
# The crash happened outside the Java Virtual Machine in native code.
# See problematic frame for where to report the bug.
#

---------------  T H R E A D  ---------------

Current thread (0x03e2b400):  JavaThread "AWT-Windows" daemon [_thread_in_native, id=5744, stack(0x04270000,0x042c0000)]

siginfo: ExceptionCode=0xc0000005, writing address 0x04339004

Registers:
EAX=0x04339000, EBX=0x05abbd80, ECX=0x00000000, EDX=0x0000006a
ESP=0x042be050, EBP=0x042be05c, ESI=0x05abbd90, EDI=0x00000601
EIP=0x5b9fff52, EFLAGS=0x00010202

Top of Stack: (sp=0x042be050)
0x042be050:   05a21000 05a911b8 00000000 042be0c8
0x042be060:   5ba6acc7 05abbd80 00000200 05a911b8
0x042be070:   00000000 00000000 00000028 00000012
0x042be080:   00000175 0000002d 0000019d 0000003f
0x042be090:   002514d8 00000012 00000012 00000028
0x042be0a0:   5b9dd9cd 00000000 00000028 00000000
0x042be0b0:   00000012 00000028 00000028 00000012
0x042be0c0:   00000000 027fe0d8 042be0fc 5ba6b217 

Instructions: (pc=0x5b9fff52)
0x5b9fff42:   57 8b 7e 28 8d 04 7f 8d 04 c1 33 c9 47 89 7e 28
0x5b9fff52:   89 48 04 89 48 08 89 48 0c 89 48 10 89 48 14 89 


Stack: [0x04270000,0x042c0000],  sp=0x042be050,  free space=138042bdb6ck
Native frames: (J=compiled Java code, j=interpreted, Vv=VM code, C=native code)
C  [nvd3dum.dll+0x2fff52]
C  [nvd3dum.dll+0x36acc7]
C  [nvd3dum.dll+0x36b217]
C  [nvd3dum.dll+0x2ee660]
C  [d3d9.dll+0x117443]
C  [d3d9.dll+0x118fba]
C  [d3d9.dll+0x6bf63]
C  [d3d9.dll+0x7630]
C  [d3d9.dll+0x7832]

Java frames: (J=compiled Java code, j=interpreted, Vv=VM code)
j  sun.awt.windows.WToolkit.eventLoop()V+0
j  sun.awt.windows.WToolkit.run()V+77
j  java.lang.Thread.run()V+11
v  ~StubRoutines::call_stub

---------------  P R O C E S S  ---------------

Java Threads: ( => current thread )
  0x03ed0000 JavaThread "TimerQueue" daemon [_thread_blocked, id=4980, stack(0x08260000,0x082b0000)]
  0x03ec2800 JavaThread "D3D Screen Updater" daemon [_thread_in_native, id=5776, stack(0x081b0000,0x08200000)]
  0x00549000 JavaThread "DestroyJavaVM" [_thread_blocked, id=5464, stack(0x00340000,0x00390000)]
  0x03e2bc00 JavaThread "AWT-EventQueue-0" [_thread_blocked, id=5808, stack(0x042c0000,0x04310000)]
=>0x03e2b400 JavaThread "AWT-Windows" daemon [_thread_in_native, id=5744, stack(0x04270000,0x042c0000)]
  0x03e2ac00 JavaThread "AWT-Shutdown" [_thread_blocked, id=4032, stack(0x04220000,0x04270000)]
  0x03e28800 JavaThread "Java2D Disposer" daemon [_thread_blocked, id=4264, stack(0x04150000,0x041a0000)]
  0x01960000 JavaThread "Low Memory Detector" daemon [_thread_blocked, id=4272, stack(0x03cd0000,0x03d20000)]
  0x0195ac00 JavaThread "CompilerThread0" daemon [_thread_blocked, id=4832, stack(0x03c80000,0x03cd0000)]
  0x01959400 JavaThread "Attach Listener" daemon [_thread_blocked, id=5984, stack(0x03c30000,0x03c80000)]
  0x01958800 JavaThread "Signal Dispatcher" daemon [_thread_blocked, id=5072, stack(0x03be0000,0x03c30000)]
  0x01913400 JavaThread "Finalizer" daemon [_thread_blocked, id=5432, stack(0x03b90000,0x03be0000)]
  0x01911c00 JavaThread "Reference Handler" daemon [_thread_blocked, id=4456, stack(0x03b40000,0x03b90000)]

Other Threads:
  0x01910000 VMThread [stack: 0x03af0000,0x03b40000] [id=4968]
  0x01961c00 WatcherThread [stack: 0x03d20000,0x03d70000] [id=1736]

VM state:not at safepoint (normal execution)

VM Mutex/Monitor currently owned by a thread: None

Heap
 def new generation   total 4928K, used 162K [0x23a00000, 0x23f50000, 0x28f50000)
  eden space 4416K,   2% used [0x23a00000, 0x23a1f000, 0x23e50000)
  from space 512K,   7% used [0x23ed0000, 0x23ed98b0, 0x23f50000)
  to   space 512K,   0% used [0x23e50000, 0x23e50000, 0x23ed0000)
 tenured generation   total 10944K, used 570K [0x28f50000, 0x29a00000, 0x33a00000)
   the space 10944K,   5% used [0x28f50000, 0x28fde9c8, 0x28fdea00, 0x29a00000)
 compacting perm gen  total 12288K, used 684K [0x33a00000, 0x34600000, 0x37a00000)
   the space 12288K,   5% used [0x33a00000, 0x33aab130, 0x33aab200, 0x34600000)
    ro space 10240K,  54% used [0x37a00000, 0x37f78290, 0x37f78400, 0x38400000)
    rw space 12288K,  55% used [0x38400000, 0x38a9d1c0, 0x38a9d200, 0x39000000)

Dynamic libraries:
0x00400000 - 0x00424000 	C:\Program Files\Java\jdk1.6.0_18\bin\java.exe
0x77270000 - 0x773ac000 	C:\Windows\SYSTEM32\ntdll.dll
0x75e40000 - 0x75f14000 	C:\Windows\system32\kernel32.dll
0x75670000 - 0x756ba000 	C:\Windows\system32\KERNELBASE.dll
0x771d0000 - 0x77270000 	C:\Windows\system32\ADVAPI32.dll
0x76f00000 - 0x76fac000 	C:\Windows\system32\msvcrt.dll
0x75f20000 - 0x75f39000 	C:\Windows\SYSTEM32\sechost.dll
0x75f40000 - 0x75fe1000 	C:\Windows\system32\RPCRT4.dll
0x7c340000 - 0x7c396000 	C:\Program Files\Java\jdk1.6.0_18\jre\bin\msvcr71.dll
0x6d8b0000 - 0x6db47000 	C:\Program Files\Java\jdk1.6.0_18\jre\bin\client\jvm.dll
0x75950000 - 0x75a19000 	C:\Windows\system32\USER32.dll
0x75900000 - 0x7594e000 	C:\Windows\system32\GDI32.dll
0x773c0000 - 0x773ca000 	C:\Windows\system32\LPK.dll
0x76e60000 - 0x76efd000 	C:\Windows\system32\USP10.dll
0x73820000 - 0x73852000 	C:\Windows\system32\WINMM.dll
0x773e0000 - 0x773ff000 	C:\Windows\system32\IMM32.DLL
0x75a20000 - 0x75aec000 	C:\Windows\system32\MSCTF.dll
0x752f0000 - 0x7533b000 	C:\Windows\system32\apphelp.dll
0x6d860000 - 0x6d86c000 	C:\Program Files\Java\jdk1.6.0_18\jre\bin\verify.dll
0x6d3e0000 - 0x6d3ff000 	C:\Program Files\Java\jdk1.6.0_18\jre\bin\java.dll
0x6d340000 - 0x6d348000 	C:\Program Files\Java\jdk1.6.0_18\jre\bin\hpi.dll
0x773b0000 - 0x773b5000 	C:\Windows\system32\PSAPI.DLL
0x6d8a0000 - 0x6d8af000 	C:\Program Files\Java\jdk1.6.0_18\jre\bin\zip.dll
0x6d0b0000 - 0x6d1fa000 	C:\Program Files\Java\jdk1.6.0_18\jre\bin\awt.dll
0x6eac0000 - 0x6eb11000 	C:\Windows\system32\WINSPOOL.DRV
0x75ce0000 - 0x75e3c000 	C:\Windows\system32\ole32.dll
0x74310000 - 0x744ae000 	C:\Windows\WinSxS\x86_microsoft.windows.common-controls_6595b64144ccf1df_6.0.7600.16385_none_421189da2b7fabfc\COMCTL32.dll
0x76cc0000 - 0x76d17000 	C:\Windows\system32\SHLWAPI.dll
0x73e30000 - 0x73e43000 	C:\Windows\system32\DWMAPI.DLL
0x741b0000 - 0x741f0000 	C:\Windows\system32\uxtheme.dll
0x10000000 - 0x1000f000 	C:\Program Files\DisplayFusion\DisplayFusionHookx86.dll
0x75340000 - 0x7534c000 	C:\Windows\system32\CRYPTBASE.dll
0x6d2e0000 - 0x6d334000 	C:\Program Files\Java\jdk1.6.0_18\jre\bin\fontmanager.dll
0x5c010000 - 0x5c1d3000 	C:\Windows\system32\d3d9.dll
0x748b0000 - 0x748b9000 	C:\Windows\system32\VERSION.dll
0x6fcd0000 - 0x6fcd6000 	C:\Windows\system32\d3d8thk.dll
0x5b700000 - 0x5c003000 	C:\Windows\system32\nvd3dum.dll
0x73d50000 - 0x73d75000 	C:\Windows\system32\powrprof.dll
0x75b40000 - 0x75cdd000 	C:\Windows\system32\SETUPAPI.dll
0x75440000 - 0x75467000 	C:\Windows\system32\CFGMGR32.dll
0x77140000 - 0x771cf000 	C:\Windows\system32\OLEAUT32.dll
0x75590000 - 0x755a2000 	C:\Windows\system32\DEVOBJ.dll
0x76070000 - 0x76cb9000 	C:\Windows\system32\shell32.dll
0x6d6c0000 - 0x6d6d3000 	C:\Program Files\Java\jdk1.6.0_18\jre\bin\net.dll
0x756c0000 - 0x756f5000 	C:\Windows\system32\WS2_32.dll
0x77400000 - 0x77406000 	C:\Windows\system32\NSI.dll
0x74e30000 - 0x74e6c000 	C:\Windows\system32\mswsock.dll
0x74e20000 - 0x74e26000 	C:\Windows\System32\wship6.dll
0x6d6e0000 - 0x6d6e9000 	C:\Program Files\Java\jdk1.6.0_18\jre\bin\nio.dll

VM Arguments:
jvm_args: -Dfile.encoding=UTF-8 
java_command: carrental.GUI.MainJFrame
Launcher Type: SUN_STANDARD

Environment Variables:
PATH=C:\Windows\system32;C:\Windows;C:\Windows\System32\Wbem;C:\Windows\System32\WindowsPowerShell\v1.0\;c:\Program Files\Microsoft SQL Server\100\Tools\Binn\;c:\Program Files\Microsoft SQL Server\100\DTS\Binn\;C:\Program Files\TortoiseSVN\bin;C:\Program Files\UltraEdit-32;C:\Program Files\Subversion\bin
USERNAME=SirGlorg
OS=Windows_NT
PROCESSOR_IDENTIFIER=x86 Family 15 Model 107 Stepping 1, AuthenticAMD



---------------  S Y S T E M  ---------------

OS: Windows 7 Build 7600 

CPU:total 2 (2 cores per cpu, 1 threads per core) family 15 model 107 stepping 1, cmov, cx8, fxsr, mmx, sse, sse2, sse3, mmxext, 3dnow, 3dnowext

Memory: 4k page, physical 2096696k(801984k free), swap 4193392k(2095316k free)

vm_info: Java HotSpot(TM) Client VM (16.0-b13) for windows-x86 JRE (1.6.0_18-b07), built on Dec 17 2009 13:35:55 by "java_re" with MS VC++ 7.1 (VS2003)

time: Mon May 03 20:34:13 2010
elapsed time: 28 seconds

