<?xml version="1.0"?>
<log>
<logentry
   revision="46">
<author>jerrycek</author>
<date>2010-03-20T15:06:43.367079Z</date>
<paths>
<path
   kind="file"
   action="M">/trunk/nbproject/private/private.properties</path>
<path
   kind="file"
   action="M">/trunk/src/carrental/entities/Address.java</path>
</paths>
<msg></msg>
</logentry>
<logentry
   revision="45">
<author>sirglorg</author>
<date>2010-03-20T14:11:41.870861Z</date>
<paths>
<path
   kind="file"
   action="M">/trunk/src/carrental/managers/CustomerManagerImpl.java</path>
<path
   kind="file"
   action="M">/trunk/src/carrental/managers/AddressManager.java</path>
<path
   kind="file"
   action="M">/trunk/src/carrental/managers/DBManager.java</path>
<path
   kind="file"
   action="M">/trunk/src/carrental/managers/AddressManagerImpl.java</path>
<path
   kind="file"
   action="M">/trunk/test/carrental/managers/CustomerManagerImplTest.java</path>
<path
   kind="file"
   action="M">/trunk/test/carrental/managers/AddressManagerImplTest.java</path>
<path
   kind="file"
   action="M">/trunk/vpproject/Class Diagram.png</path>
<path
   kind="file"
   action="M">/trunk/src/carrental/managers/CustomerManager.java</path>
<path
   kind="file"
   action="M">/trunk/vpproject/CarRental.vpp</path>
</paths>
<msg>documentation finished
Addres and Customer Managers and tests finished
Class Diagram.png updated</msg>
</logentry>
<logentry
   revision="44">
<author>sirglorg</author>
<date>2010-03-20T00:41:00.993083Z</date>
<paths>
<path
   kind="file"
   action="M">/trunk/src/carrental/managers/AddressManager.java</path>
<path
   kind="file"
   action="M">/trunk/src/carrental/managers/AddressManagerImpl.java</path>
<path
   kind="file"
   action="M">/trunk/vpproject/Class Diagram.png</path>
<path
   kind="file"
   action="M">/trunk/vpproject/CarRental.vpp</path>
</paths>
<msg>detaily... uprava class Diagramu proti existujicimu stavu
AddresManager definuje deleteAddress (nějak se to opomnělo...)</msg>
</logentry>
<logentry
   revision="43">
<author>sirglorg</author>
<date>2010-03-19T23:07:03.506323Z</date>
<paths>
<path
   kind="file"
   action="M">/trunk/src/carrental/managers/CustomerManagerImpl.java</path>
<path
   kind="file"
   action="M">/trunk/src/carrental/managers/DBManager.java</path>
<path
   kind="file"
   action="M">/trunk/src/carrental/managers/AddressManagerImpl.java</path>
<path
   kind="file"
   action="M">/trunk/test/carrental/managers/CustomerManagerImplTest.java</path>
<path
   kind="file"
   action="M">/trunk/test/carrental/managers/AddressManagerImplTest.java</path>
<path
   kind="file"
   action="M">/trunk/src/carrental/entities/Address.java</path>
<path
   kind="file"
   action="M">/trunk/src/carrental/managers/CustomerManager.java</path>
</paths>
<msg>testy a implementace CustomerManageru</msg>
</logentry>
<logentry
   revision="42">
<author>sirglorg</author>
<date>2010-03-19T17:06:51.626856Z</date>
<paths>
<path
   kind="file"
   action="M">/trunk/src/carrental/managers/CustomerManagerImpl.java</path>
<path
   kind="file"
   action="M">/trunk/src/carrental/managers/AddressManager.java</path>
<path
   kind="file"
   action="M">/trunk/src/carrental/managers/DBManager.java</path>
<path
   kind="file"
   action="M">/trunk/src/carrental/managers/AddressManagerImpl.java</path>
<path
   kind="file"
   action="M">/trunk/test/carrental/managers/CustomerManagerImplTest.java</path>
<path
   kind="file"
   action="D">/trunk/test/carrental/managers/ReduceLongStringTest.java</path>
<path
   kind="file"
   action="M">/trunk/src/carrental/entities/Customer.java</path>
<path
   kind="file"
   action="A">/trunk/test/carrental/managers/DBManagerTest.java</path>
<path
   kind="file"
   action="M">/trunk/test/carrental/managers/AddressManagerImplTest.java</path>
<path
   kind="file"
   action="A">/trunk/src/carrental/managers/CustomerManagerException.java</path>
<path
   kind="file"
   action="M">/trunk/src/carrental/entities/Address.java</path>
<path
   kind="file"
   action="M">/trunk/src/carrental/managers/CustomerManager.java</path>
</paths>
<msg>refaktorizace,
zacatek implementace customerManagerImplu a pribuznych testu</msg>
</logentry>
<logentry
   revision="41">
<author>sirglorg</author>
<date>2010-03-18T23:38:30.959556Z</date>
<paths>
<path
   kind="file"
   action="M">/trunk/src/carrental/managers/CustomerManagerImpl.java</path>
<path
   kind="file"
   action="D">/trunk/src/carrental/managers/ReduceLongString.java</path>
<path
   kind="file"
   action="M">/trunk/src/carrental/managers/DBManager.java</path>
<path
   kind="file"
   action="A">/trunk/test/carrental/entities/CustomerTest.java</path>
<path
   kind="file"
   action="M">/trunk/src/carrental/managers/AddressManagerImpl.java</path>
<path
   kind="file"
   action="M">/trunk/test/carrental/entities/AddressTest.java</path>
<path
   kind="file"
   action="A">/trunk/test/carrental/managers/CustomerManagerImplTest.java</path>
<path
   kind="file"
   action="M">/trunk/src/carrental/entities/Customer.java</path>
<path
   kind="file"
   action="M">/trunk/src/carrental/entities/Address.java</path>
</paths>
<msg>updated new tests. Reorganization of REduceLongString function and sth else</msg>
</logentry>
<logentry
   revision="40">
<author>sirglorg</author>
<date>2010-03-18T21:51:15.524827Z</date>
<paths>
<path
   kind="file"
   action="M">/trunk/src/carrental/managers/AddressManager.java</path>
<path
   kind="file"
   action="M">/trunk/src/carrental/managers/AddressManagerImpl.java</path>
<path
   kind="file"
   action="M">/trunk/test/carrental/managers/AddressManagerImplTest.java</path>
<path
   kind="file"
   action="M">/trunk/vpproject/Class Diagram.png</path>
<path
   kind="file"
   action="M">/trunk/vpproject/CarRental.vpp</path>
</paths>
<msg>hopefully last tiny update in editAddress (changed number of arguments - address to change ID is now determined from the given Address id;
- tests properly adjusted</msg>
</logentry>
<logentry
   revision="39">
<author>sirglorg</author>
<date>2010-03-18T21:27:16.888999Z</date>
<paths>
<path
   kind="file"
   action="M">/trunk/src/carrental/entities/Customer.java</path>
</paths>
<msg>equals &amp; hashCode in Customer.java</msg>
</logentry>
<logentry
   revision="38">
<author>sirglorg</author>
<date>2010-03-18T21:19:51.492454Z</date>
<paths>
<path
   kind="file"
   action="A">/trunk/src/carrental/managers/ReduceLongString.java</path>
<path
   kind="dir"
   action="A">/trunk/test/carrental/entities</path>
<path
   kind="file"
   action="M">/trunk/src/carrental/managers/AddressManagerImpl.java</path>
<path
   kind="file"
   action="A">/trunk/test/carrental/entities/AddressTest.java</path>
<path
   kind="file"
   action="A">/trunk/test/carrental/managers/ReduceLongStringTest.java</path>
<path
   kind="file"
   action="M">/trunk/src/carrental/entities/Address.java</path>
</paths>
<msg>Address implementation finished
Address &amp; AddressManagerImpl unit tests completely finished</msg>
</logentry>
<logentry
   revision="37">
<author>sirglorg</author>
<date>2010-03-17T23:57:47.855767Z</date>
<paths>
<path
   kind="file"
   action="M">/trunk/src/carrental/entities/Customer.java</path>
<path
   kind="file"
   action="M">/trunk/src/carrental/entities/Address.java</path>
</paths>
<msg>end of a day commit; few cosmetic changes around exceptions</msg>
</logentry>
<logentry
   revision="36">
<author>sirglorg</author>
<date>2010-03-17T23:14:19.449312Z</date>
<paths>
<path
   kind="file"
   action="M">/trunk/vpproject/Class Diagram.png</path>
<path
   kind="file"
   action="M">/trunk/vpproject/CarRental.vpp</path>
</paths>
<msg>updated Class Diagram</msg>
</logentry>
<logentry
   revision="35">
<author>sirglorg</author>
<date>2010-03-17T22:42:23.327023Z</date>
<paths>
<path
   kind="file"
   action="A">/trunk/src/carrental/managers/AddressManagerException.java</path>
<path
   kind="file"
   action="M">/trunk/src/carrental/managers/AddressManager.java</path>
<path
   kind="file"
   action="M">/trunk/src/carrental/managers/DBManager.java</path>
<path
   kind="file"
   action="M">/trunk/src/carrental/managers/AddressManagerImpl.java</path>
<path
   kind="file"
   action="M">/trunk/test/carrental/managers/AddressManagerImplTest.java</path>
<path
   kind="file"
   action="M">/trunk/src/carrental/entities/Address.java</path>
<path
   kind="file"
   action="M">/trunk/vpproject/CarRental.vpp</path>
</paths>
<msg>Added AddressManagerException and finished unit tests for AddressManagerImpl</msg>
</logentry>
<logentry
   revision="34">
<author>sirglorg</author>
<date>2010-03-17T16:23:58.123580Z</date>
<paths>
<path
   kind="file"
   action="M">/trunk/src/carrental/managers/AddressManager.java</path>
<path
   kind="file"
   action="M">/trunk/src/carrental/managers/DBManager.java</path>
<path
   kind="file"
   action="M">/trunk/src/carrental/managers/AddressManagerImpl.java</path>
<path
   kind="file"
   action="M">/trunk/test/carrental/managers/AddressManagerImplTest.java</path>
<path
   kind="file"
   action="M">/trunk/src/carrental/entities/Address.java</path>
</paths>
<msg>some basic updates, debugging, unit tests</msg>
</logentry>
<logentry
   revision="33">
<author>sirglorg</author>
<date>2010-03-17T14:50:59.474028Z</date>
<paths>
<path
   kind="file"
   action="M">/trunk/src/carrental/managers/DBManager.java</path>
<path
   kind="file"
   action="M">/trunk/src/carrental/managers/AddressManagerImpl.java</path>
<path
   kind="file"
   action="M">/trunk/nbproject/private/private.properties</path>
<path
   kind="file"
   action="M">/trunk/src/carrental/DatabaseTest.java</path>
<path
   kind="file"
   action="M">/trunk/test/carrental/managers/AddressManagerImplTest.java</path>
<path
   kind="file"
   action="M">/trunk/src/carrental/entities/Address.java</path>
</paths>
<msg>update testu
doplnena funkce dropTable do DBManageru</msg>
</logentry>
<logentry
   revision="32">
<author>sirglorg</author>
<date>2010-03-17T11:38:38.483952Z</date>
<paths>
<path
   kind="file"
   action="D">/trunk/dist/README.TXT</path>
<path
   kind="file"
   action="D">/trunk/dist/lib/appframework-1.0.3.jar</path>
<path
   kind="file"
   action="D">/trunk/dist/lib/swing-worker-1.1.jar</path>
<path
   kind="file"
   action="M">/trunk/src/carrental/managers/DBManager.java</path>
<path
   kind="file"
   action="M">/trunk/src/carrental/managers/AddressManagerImpl.java</path>
<path
   kind="file"
   action="M">/trunk/nbproject/private/private.properties</path>
<path
   kind="file"
   action="M">/trunk/nbproject/project.properties</path>
<path
   kind="dir"
   action="A">/trunk/test/carrental/managers</path>
<path
   kind="file"
   action="D">/trunk/dist/lib/derbyclient.jar</path>
<path
   kind="file"
   action="D">/trunk/dist/CarRental.jar</path>
<path
   kind="file"
   action="A">/trunk/test/carrental/managers/AddressManagerImplTest.java</path>
<path
   kind="dir"
   action="A">/trunk/test/carrental</path>
<path
   kind="file"
   action="M">/trunk/src/carrental/entities/Address.java</path>
<path
   kind="file"
   action="M">/trunk/src/carrental/entities/Car.java</path>
</paths>
<msg>pridan test address manageru a drobny upravy trid z cvika</msg>
</logentry>
<logentry
   revision="31">
<author>sirglorg</author>
<date>2010-03-17T00:17:18.429409Z</date>
<paths>
<path
   kind="file"
   action="M">/trunk/vpproject/CarRental.vpp</path>
</paths>
<msg>sem asi neco zmenil v class diagramu ... co ja vim co ? nevim nic ...</msg>
</logentry>
<logentry
   revision="30">
<author>sirglorg</author>
<date>2010-03-16T23:32:18.584691Z</date>
<paths>
<path
   kind="file"
   action="M">/trunk/src/carrental/DatabaseTest.java</path>
<path
   kind="file"
   action="M">/trunk/src/carrental/managers/CustomerManager.java</path>
</paths>
<msg>Database test slightly modified for better presentation</msg>
</logentry>
<logentry
   revision="29">
<author>sirglorg</author>
<date>2010-03-16T23:18:19.866488Z</date>
<paths>
<path
   kind="file"
   action="M">/trunk/src/carrental/managers/DBManager.java</path>
<path
   kind="file"
   action="M">/trunk/src/carrental/managers/AddressManagerImpl.java</path>
<path
   kind="file"
   action="M">/trunk/src/carrental/DatabaseTest.java</path>
<path
   kind="file"
   action="M">/trunk/src/carrental/entities/Address.java</path>
</paths>
<msg>Address a jeji managery dokopany do stavu, kdy je mozny demonstrovat zapis a cteni z databaze. uff ...

prezentace dostupna z DatabaseTest.java</msg>
</logentry>
<logentry
   revision="28">
<author>sirglorg</author>
<date>2010-03-16T14:03:35.987133Z</date>
<paths>
<path
   kind="file"
   action="M">/trunk/src/carrental/managers/CustomerManagerImpl.java</path>
<path
   kind="file"
   action="M">/trunk/src/carrental/managers/AddressManager.java</path>
<path
   kind="file"
   action="M">/trunk/src/carrental/managers/DBManager.java</path>
<path
   kind="file"
   action="M">/trunk/src/carrental/managers/AddressManagerImpl.java</path>
<path
   kind="file"
   action="M">/trunk/src/carrental/DatabaseTest.java</path>
</paths>
<msg>doplneno vytvareni tabulky a vyhodil sem pokus o vkladani...</msg>
</logentry>
<logentry
   revision="27">
<author>sirglorg</author>
<date>2010-03-16T13:03:42.873100Z</date>
<paths>
<path
   kind="file"
   action="M">/trunk/src/carrental/managers/CustomerManagerImpl.java</path>
<path
   kind="file"
   action="A">/trunk/src/carrental/managers/AddressManager.java</path>
<path
   kind="file"
   action="A">/trunk/src/carrental/managers/DBManager.java</path>
<path
   kind="file"
   action="A">/trunk/src/carrental/managers/AddressManagerImpl.java</path>
<path
   kind="file"
   action="M">/trunk/src/carrental/DatabaseTest.java</path>
<path
   kind="file"
   action="M">/trunk/vpproject/Class Diagram.png</path>
<path
   kind="file"
   action="M">/trunk/src/carrental/entities/Address.java</path>
<path
   kind="file"
   action="M">/trunk/vpproject/CarRental.vpp</path>
</paths>
<msg>pridan Adddress manager, DBmanager</msg>
</logentry>
<logentry
   revision="26">
<author>sirglorg</author>
<date>2010-03-15T20:23:05.173982Z</date>
<paths>
<path
   kind="file"
   action="M">/trunk/src/carrental/managers/CustomerManagerImpl.java</path>
<path
   kind="file"
   action="M">/trunk/src/carrental/DatabaseTest.java</path>
<path
   kind="file"
   action="M">/trunk/src/carrental/entities/Customer.java</path>
<path
   kind="file"
   action="M">/trunk/src/carrental/managers/CustomerManager.java</path>
</paths>
<msg>kdovico...</msg>
</logentry>
<logentry
   revision="25">
<author>sirglorg</author>
<date>2010-03-15T15:22:33.887551Z</date>
<paths>
<path
   kind="file"
   action="M">/trunk/src/carrental/entities/CarType.java</path>
<path
   kind="file"
   action="M">/trunk/src/carrental/managers/CustomerManagerImpl.java</path>
<path
   kind="file"
   action="M">/trunk/src/carrental/managers/CarManager.java</path>
<path
   kind="file"
   action="A">/trunk/nbproject/private/config.properties</path>
<path
   kind="file"
   action="M">/trunk/src/carrental/entities/Category.java</path>
<path
   kind="file"
   action="M">/trunk/nbproject/private/private.properties</path>
<path
   kind="file"
   action="M">/trunk/src/carrental/DatabaseTest.java</path>
<path
   kind="file"
   action="M">/trunk/nbproject/project.properties</path>
<path
   kind="file"
   action="M">/trunk/vpproject/Class Diagram.png</path>
<path
   kind="file"
   action="M">/trunk/src/carrental/entities/Address.java</path>
<path
   kind="file"
   action="M">/trunk/src/carrental/entities/Car.java</path>
<path
   kind="file"
   action="M">/trunk/src/carrental/managers/CustomerManager.java</path>
<path
   kind="file"
   action="M">/trunk/vpproject/CarRental.vpp</path>
</paths>
<msg>oprava dokumentace metod
doplneni adresy
aktualizace class diagramu</msg>
</logentry>
<logentry
   revision="24">
<author>sirglorg</author>
<date>2010-03-15T13:16:40.250895Z</date>
<paths>
<path
   kind="file"
   action="M">/trunk/src/carrental/entities/CarType.java</path>
<path
   kind="file"
   action="M">/trunk/src/carrental/managers/CustomerManagerImpl.java</path>
<path
   kind="file"
   action="M">/trunk/src/carrental/DatabaseTest.java</path>
<path
   kind="file"
   action="M">/trunk/src/carrental/entities/Customer.java</path>
<path
   kind="file"
   action="M">/trunk/vpproject/Class Diagram.png</path>
<path
   kind="file"
   action="A">/trunk/src/carrental/entities/Address.java</path>
<path
   kind="file"
   action="M">/trunk/src/carrental/entities/Car.java</path>
<path
   kind="file"
   action="M">/trunk/vpproject/CarRental.vpp</path>
</paths>
<msg>added Address Class
updated entities definitions
generated actual Class Diagram.png</msg>
</logentry>
<logentry
   revision="23">
<author>sirglorg</author>
<date>2010-03-15T10:59:53.142023Z</date>
<paths>
<path
   kind="file"
   action="A">/trunk/src/carrental/managers/CustomerManagerImpl.java</path>
<path
   kind="file"
   action="A">/trunk/src/carrental/managers/CarManager.java</path>
<path
   kind="file"
   action="M">/trunk/vpproject/Class Diagram.png</path>
<path
   kind="file"
   action="M">/trunk/src/carrental/managers/CustomerManager.java</path>
<path
   kind="file"
   action="M">/trunk/vpproject/CarRental.vpp</path>
</paths>
<msg>class diagram doplnenej o tridu adresy
pridan zaklad interfacu carManager a tridy customerManagerImpl</msg>
</logentry>
<logentry
   revision="22">
<author>sirglorg</author>
<date>2010-03-15T09:55:05.484987Z</date>
<paths>
<path
   kind="file"
   action="M">/trunk/nbproject/private/private.properties</path>
<path
   kind="file"
   action="M">/trunk/dist/CarRental.jar</path>
<path
   kind="file"
   action="A">/trunk/vpproject/Class Diagram.png</path>
<path
   kind="file"
   action="M">/trunk/vpproject/CarRental.vpp</path>
</paths>
<msg>pridan .png obraz class diagramu</msg>
</logentry>
<logentry
   revision="21">
<author>sirglorg</author>
<date>2010-03-14T17:05:56.640989Z</date>
<paths>
<path
   kind="file"
   action="A">/trunk/src/carrental/entities/CarType.java</path>
<path
   kind="dir"
   action="A">/trunk/src/carrental/managers</path>
<path
   kind="file"
   action="A">/trunk/src/carrental/entities/Category.java</path>
<path
   kind="file"
   action="A">/trunk/src/carrental/managers/CustomerManager.java</path>
<path
   kind="file"
   action="M">/trunk/vpproject/CarRental.vpp</path>
</paths>
<msg>nastrel CustomerManageru a doplneny CarType enumerator a Category class</msg>
</logentry>
<logentry
   revision="20">
<author>sirglorg</author>
<date>2010-03-14T15:05:41.156257Z</date>
<paths>
<path
   kind="file"
   action="M">/trunk/vpproject/CarRental.vpp</path>
</paths>
<msg>pridany properties atributu id do class diagramu</msg>
</logentry>
<logentry
   revision="19">
<author>sirglorg</author>
<date>2010-03-14T14:55:47.803588Z</date>
<paths>
<path
   kind="file"
   action="M">/trunk/src/carrental/entities/Customer.java</path>
<path
   kind="file"
   action="M">/trunk/dist/CarRental.jar</path>
<path
   kind="file"
   action="M">/trunk/src/carrental/entities/Car.java</path>
</paths>
<msg>updated methods of car &amp; customer classes</msg>
</logentry>
<logentry
   revision="18">
<author>sirglorg</author>
<date>2010-03-14T14:45:58.881660Z</date>
<paths>
<path
   kind="dir"
   action="D">/trunk/build</path>
<path
   kind="dir"
   action="M">/trunk</path>
<path
   kind="dir"
   action="A">/trunk/src/carrental/entities</path>
<path
   kind="file"
   action="A">/trunk/src/carrental/entities/Customer.java</path>
<path
   kind="file"
   action="A">/trunk/dist/lib/derbyclient.jar</path>
<path
   kind="file"
   action="M">/trunk/dist/CarRental.jar</path>
<path
   kind="file"
   action="A">/trunk/src/carrental/entities/Car.java</path>
</paths>
<msg>build added to ignore list
car and customer classes added</msg>
</logentry>
<logentry
   revision="17">
<author>sirglorg</author>
<date>2010-03-14T13:05:05.246132Z</date>
<paths>
<path
   kind="file"
   action="M">/trunk/build/classes/carrental/CarRentalView.class</path>
<path
   kind="file"
   action="M">/trunk/src/carrental/DatabaseTest.java</path>
<path
   kind="file"
   action="M">/trunk/build/classes/carrental/CarRentalApp.class</path>
<path
   kind="file"
   action="M">/trunk/nbproject/project.properties</path>
</paths>
<msg>uprava demo prikladu na databaze ze cviceni</msg>
</logentry>
<logentry
   revision="16">
<author>sirglorg</author>
<date>2010-03-11T00:08:15.629102Z</date>
<paths>
<path
   kind="file"
   action="A">/trunk/nbproject/private/private.xml</path>
<path
   kind="file"
   action="M">/trunk/vpproject/CarRental.vpp</path>
</paths>
<msg>nevim co sem zmenil, neco asi jo</msg>
</logentry>
<logentry
   revision="15">
<author>sirglorg</author>
<date>2010-03-10T14:33:43.299501Z</date>
<paths>
<path
   kind="file"
   action="M">/trunk/src/carrental/CarRentalApp.java</path>
<path
   kind="file"
   action="A">/trunk/src/carrental/DatabaseTest.java</path>
</paths>
<msg>pridan test databazi z prednasky</msg>
</logentry>
<logentry
   revision="14">
<author>sirglorg</author>
<date>2010-03-10T10:08:30.604552Z</date>
<paths>
<path
   kind="file"
   action="M">/trunk/vpproject/CarRental.vpp</path>
</paths>
<msg>pridan use case</msg>
</logentry>
<logentry
   revision="13">
<author>sirglorg</author>
<date>2010-03-10T09:55:23.113209Z</date>
<paths>
<path
   kind="file"
   action="M">/trunk/nbproject/private/private.properties</path>
<path
   kind="file"
   action="M">/trunk/vpproject/CarRental.vpp</path>
</paths>
<msg>zmena class Diagramu</msg>
</logentry>
<logentry
   revision="12">
<author>sirglorg</author>
<date>2010-03-09T23:17:41.395806Z</date>
<paths>
<path
   kind="file"
   action="D">/trunk/vpproject/CarRental.vpp~1</path>
<path
   kind="file"
   action="M">/trunk/vpproject/CarRental.vpp</path>
</paths>
<msg></msg>
</logentry>
<logentry
   revision="11">
<author>sirglorg</author>
<date>2010-03-09T22:33:25.969051Z</date>
<paths>
<path
   kind="dir"
   action="M">/trunk/vpproject</path>
</paths>
<msg>temporal files of vpproject added to ignore list</msg>
</logentry>
<logentry
   revision="10">
<author>sirglorg</author>
<date>2010-03-09T22:31:21.981149Z</date>
<paths>
<path
   kind="file"
   action="M">/trunk/vpproject/CarRental.vpp</path>
<path
   kind="dir"
   action="M">/trunk/vpproject</path>
</paths>
<msg>vicemenne finalni verze class diagramu</msg>
</logentry>
<logentry
   revision="9">
<author>sirglorg</author>
<date>2010-03-09T21:12:14.359155Z</date>
<paths>
<path
   kind="file"
   action="M">/trunk/nbproject/private/private.properties</path>
<path
   kind="file"
   action="M">/trunk/nbproject/project.properties</path>
<path
   kind="file"
   action="M">/trunk/vpproject/CarRental.vpp</path>
</paths>
<msg>pozmenenej class diagram</msg>
</logentry>
<logentry
   revision="8">
<author>jerrycek</author>
<date>2010-03-09T19:47:15.230562Z</date>
<paths>
<path
   kind="file"
   action="M">/trunk/nbproject/private/private.properties</path>
<path
   kind="file"
   action="M">/trunk/vpproject/CarRental.vpp</path>
</paths>
<msg></msg>
</logentry>
<logentry
   revision="7">
<author>sirglorg</author>
<date>2010-03-09T16:11:50.878178Z</date>
<paths>
<path
   kind="file"
   action="M">/trunk/vpproject/CarRental.vpp</path>
</paths>
<msg>upraven class diagram - budu ho jeste prepisovat do Object Diagramu at to sedi...
</msg>
</logentry>
<logentry
   revision="5">
<author>sirglorg</author>
<date>2010-03-09T11:26:14.738203Z</date>
<paths>
<path
   kind="file"
   action="M">/trunk/vpproject/CarRental.vpp</path>
</paths>
<msg>nulova fakticka modifikace - test funkcnosti UML modelu</msg>
</logentry>
<logentry
   revision="3">
<author>sirglorg</author>
<date>2010-03-03T10:40:37.606785Z</date>
<paths>
<path
   kind="file"
   action="A">/trunk/build/classes/carrental/resources/busyicons/busy-icon12.png</path>
<path
   kind="file"
   action="A">/trunk/build/classes/carrental/resources/busyicons/busy-icon13.png</path>
<path
   kind="file"
   action="A">/trunk/build/classes/carrental/resources/splash.png</path>
<path
   kind="file"
   action="A">/trunk/build/classes/carrental/resources/busyicons/busy-icon14.png</path>
<path
   kind="dir"
   action="A">/trunk/build</path>
<path
   kind="file"
   action="A">/trunk/build/classes/carrental/CarRentalView$1.class</path>
<path
   kind="dir"
   action="A">/trunk/build/classes/carrental</path>
<path
   kind="file"
   action="A">/trunk/build/classes/carrental/CarRentalView$2.class</path>
<path
   kind="file"
   action="A">/trunk/build/classes/carrental/CarRentalView$3.class</path>
<path
   kind="dir"
   action="A">/trunk/dist/lib</path>
<path
   kind="file"
   action="A">/trunk/vpproject/CarRental.vpp~1</path>
<path
   kind="dir"
   action="A">/trunk/vpproject</path>
<path
   kind="file"
   action="A">/trunk/build/classes/carrental/resources/about.png</path>
<path
   kind="dir"
   action="A">/trunk/build/classes/META-INF/services</path>
<path
   kind="dir"
   action="A">/trunk/build/classes/carrental/resources</path>
<path
   kind="file"
   action="A">/trunk/build/classes/carrental/resources/CarRentalAboutBox.properties</path>
<path
   kind="file"
   action="A">/trunk/vpproject/CarRental.vpp</path>
<path
   kind="file"
   action="A">/trunk/build/classes/META-INF/services/org.jdesktop.application.Application</path>
<path
   kind="dir"
   action="A">/trunk/build/empty</path>
<path
   kind="dir"
   action="A">/trunk/build/classes/carrental/resources/busyicons</path>
<path
   kind="dir"
   action="A">/trunk/dist</path>
<path
   kind="file"
   action="A">/trunk/build/classes/carrental/resources/busyicons/busy-icon0.png</path>
<path
   kind="file"
   action="A">/trunk/build/classes/carrental/resources/busyicons/busy-icon1.png</path>
<path
   kind="file"
   action="A">/trunk/build/classes/carrental/resources/busyicons/busy-icon2.png</path>
<path
   kind="file"
   action="A">/trunk/build/classes/carrental/resources/busyicons/busy-icon3.png</path>
<path
   kind="file"
   action="A">/trunk/build/classes/carrental/resources/busyicons/busy-icon4.png</path>
<path
   kind="file"
   action="A">/trunk/dist/README.TXT</path>
<path
   kind="file"
   action="A">/trunk/build/classes/carrental/resources/busyicons/busy-icon5.png</path>
<path
   kind="file"
   action="A">/trunk/dist/lib/appframework-1.0.3.jar</path>
<path
   kind="file"
   action="A">/trunk/dist/lib/swing-worker-1.1.jar</path>
<path
   kind="file"
   action="A">/trunk/build/classes/carrental/resources/busyicons/busy-icon6.png</path>
<path
   kind="file"
   action="A">/trunk/build/classes/carrental/resources/busyicons/busy-icon7.png</path>
<path
   kind="file"
   action="A">/trunk/build/classes/carrental/CarRentalView.class</path>
<path
   kind="file"
   action="A">/trunk/build/classes/carrental/resources/CarRentalView.properties</path>
<path
   kind="file"
   action="A">/trunk/build/classes/carrental/resources/busyicons/busy-icon8.png</path>
<path
   kind="file"
   action="A">/trunk/build/built-jar.properties</path>
<path
   kind="file"
   action="A">/trunk/build/classes/carrental/resources/busyicons/busy-icon9.png</path>
<path
   kind="file"
   action="A">/trunk/build/classes/carrental/resources/busyicons/idle-icon.png</path>
<path
   kind="file"
   action="A">/trunk/build/classes/carrental/CarRentalApp.class</path>
<path
   kind="file"
   action="A">/trunk/build/classes/carrental/resources/CarRentalApp.properties</path>
<path
   kind="file"
   action="A">/trunk/dist/CarRental.jar</path>
<path
   kind="file"
   action="A">/trunk/build/classes/carrental/CarRentalAboutBox.class</path>
<path
   kind="file"
   action="A">/trunk/build/classes/carrental/resources/busyicons/busy-icon10.png</path>
<path
   kind="file"
   action="A">/trunk/build/classes/carrental/resources/busyicons/busy-icon11.png</path>
<path
   kind="dir"
   action="A">/trunk/build/classes</path>
<path
   kind="dir"
   action="A">/trunk/build/classes/META-INF</path>
</paths>
<msg></msg>
</logentry>
<logentry
   revision="2">
<author>sirglorg</author>
<date>2010-03-03T10:07:23.348400Z</date>
<paths>
<path
   kind="file"
   action="A">/trunk/src/carrental/CarRentalApp.java</path>
<path
   kind="dir"
   action="A">/trunk/nbproject/private</path>
<path
   kind="file"
   action="A">/trunk/src/carrental/CarRentalAboutBox.java</path>
<path
   kind="file"
   action="A">/trunk/nbproject/private/private.properties</path>
<path
   kind="file"
   action="A">/trunk/src/carrental/resources/busyicons/idle-icon.png</path>
<path
   kind="file"
   action="A">/trunk/src/carrental/resources/CarRentalApp.properties</path>
<path
   kind="file"
   action="A">/trunk/nbproject/build-impl.xml</path>
<path
   kind="file"
   action="A">/trunk/src/carrental/CarRentalAboutBox.form</path>
<path
   kind="file"
   action="A">/trunk/src/carrental/resources/busyicons/busy-icon10.png</path>
<path
   kind="file"
   action="A">/trunk/src/carrental/resources/CarRentalAboutBox.properties</path>
<path
   kind="file"
   action="A">/trunk/src/carrental/resources/busyicons/busy-icon11.png</path>
<path
   kind="file"
   action="A">/trunk/nbproject/project.properties</path>
<path
   kind="dir"
   action="A">/trunk/src</path>
<path
   kind="file"
   action="A">/trunk/src/META-INF/services/org.jdesktop.application.Application</path>
<path
   kind="file"
   action="A">/trunk/src/carrental/resources/busyicons/busy-icon12.png</path>
<path
   kind="file"
   action="A">/trunk/src/carrental/CarRentalView.java</path>
<path
   kind="file"
   action="A">/trunk/src/carrental/resources/busyicons/busy-icon13.png</path>
<path
   kind="file"
   action="A">/trunk/src/carrental/resources/busyicons/busy-icon14.png</path>
<path
   kind="dir"
   action="A">/trunk/carrental-pv168</path>
<path
   kind="file"
   action="A">/trunk/build.xml</path>
<path
   kind="dir"
   action="A">/trunk/src/carrental</path>
<path
   kind="file"
   action="A">/trunk/src/carrental/resources/busyicons/busy-icon0.png</path>
<path
   kind="file"
   action="A">/trunk/src/carrental/resources/busyicons/busy-icon1.png</path>
<path
   kind="file"
   action="A">/trunk/manifest.mf</path>
<path
   kind="file"
   action="A">/trunk/src/carrental/resources/busyicons/busy-icon2.png</path>
<path
   kind="file"
   action="A">/trunk/src/carrental/resources/busyicons/busy-icon3.png</path>
<path
   kind="file"
   action="A">/trunk/src/carrental/resources/about.png</path>
<path
   kind="file"
   action="A">/trunk/src/carrental/resources/busyicons/busy-icon4.png</path>
<path
   kind="file"
   action="A">/trunk/src/carrental/CarRentalView.form</path>
<path
   kind="dir"
   action="A">/trunk/src/META-INF/services</path>
<path
   kind="file"
   action="A">/trunk/src/carrental/resources/busyicons/busy-icon5.png</path>
<path
   kind="file"
   action="A">/trunk/src/carrental/resources/busyicons/busy-icon6.png</path>
<path
   kind="dir"
   action="A">/trunk/src/carrental/resources</path>
<path
   kind="file"
   action="A">/trunk/src/carrental/resources/busyicons/busy-icon7.png</path>
<path
   kind="file"
   action="A">/trunk/src/carrental/resources/CarRentalView.properties</path>
<path
   kind="file"
   action="A">/trunk/nbproject/genfiles.properties</path>
<path
   kind="file"
   action="A">/trunk/src/carrental/resources/busyicons/busy-icon8.png</path>
<path
   kind="file"
   action="A">/trunk/src/carrental/resources/busyicons/busy-icon9.png</path>
<path
   kind="dir"
   action="A">/trunk/test</path>
<path
   kind="dir"
   action="A">/trunk/nbproject</path>
<path
   kind="dir"
   action="A">/trunk/src/META-INF</path>
<path
   kind="file"
   action="A">/trunk/src/carrental/resources/splash.png</path>
<path
   kind="dir"
   action="A">/trunk/src/carrental/resources/busyicons</path>
<path
   kind="file"
   action="A">/trunk/nbproject/project.xml</path>
</paths>
<msg></msg>
</logentry>
<logentry
   revision="1">
<date>2010-03-03T09:42:37.541943Z</date>
<paths>
<path
   kind="dir"
   action="A">/trunk</path>
<path
   kind="dir"
   action="A">/branches</path>
<path
   kind="dir"
   action="A">/tags</path>
</paths>
<msg>Initial directory structure.</msg>
</logentry>
</log>
